<?xml version="1.0" encoding="UTF-8"?>
<testsuite xmlns:xsi="http://www.w3.org/2001/XMLSchema-instance" xsi:noNamespaceSchemaLocation="https://maven.apache.org/surefire/maven-surefire-plugin/xsd/surefire-test-report.xsd" name="com.application.cars.CarTest" time="0" tests="2" errors="0" skipped="0" failures="0">
  <properties>
    <property name="java.specification.version" value="15"/>
    <property name="sun.jnu.encoding" value="UTF-8"/>
    <property name="java.class.path" value="/Users/danielnykyforov/Desktop/carservice_final_edition/target/test-classes:/Users/danielnykyforov/Desktop/carservice_final_edition/target/classes:/Users/danielnykyforov/.m2/repository/com/vaadin/vaadin/19.0.6/vaadin-19.0.6.jar:/Users/danielnykyforov/.m2/repository/com/vaadin/vaadin-core/19.0.6/vaadin-core-19.0.6.jar:/Users/danielnykyforov/.m2/repository/com/vaadin/flow-server/6.0.7/flow-server-6.0.7.jar:/Users/danielnykyforov/.m2/repository/com/vaadin/external/gwt/gwt-elemental/2.8.2.vaadin2/gwt-elemental-2.8.2.vaadin2.jar:/Users/danielnykyforov/.m2/repository/commons-fileupload/commons-fileupload/1.3.3/commons-fileupload-1.3.3.jar:/Users/danielnykyforov/.m2/repository/com/fasterxml/jackson/core/jackson-core/2.11.4/jackson-core-2.11.4.jar:/Users/danielnykyforov/.m2/repository/com/helger/ph-css/6.1.1/ph-css-6.1.1.jar:/Users/danielnykyforov/.m2/repository/com/helger/ph-commons/9.1.2/ph-commons-9.1.2.jar:/Users/danielnykyforov/.m2/repository/com/vaadin/fusion-endpoint/6.0.7/fusion-endpoint-6.0.7.jar:/Users/danielnykyforov/.m2/repository/javax/validation/validation-api/2.0.1.Final/validation-api-2.0.1.Final.jar:/Users/danielnykyforov/.m2/repository/com/fasterxml/jackson/core/jackson-annotations/2.11.4/jackson-annotations-2.11.4.jar:/Users/danielnykyforov/.m2/repository/javax/annotation/javax.annotation-api/1.3.2/javax.annotation-api-1.3.2.jar:/Users/danielnykyforov/.m2/repository/com/github/javaparser/javaparser-symbol-solver-core/3.15.1/javaparser-symbol-solver-core-3.15.1.jar:/Users/danielnykyforov/.m2/repository/com/github/javaparser/javaparser-symbol-solver-logic/3.15.1/javaparser-symbol-solver-logic-3.15.1.jar:/Users/danielnykyforov/.m2/repository/com/github/javaparser/javaparser-symbol-solver-model/3.15.1/javaparser-symbol-solver-model-3.15.1.jar:/Users/danielnykyforov/.m2/repository/com/github/javaparser/javaparser-core/3.15.1/javaparser-core-3.15.1.jar:/Users/danielnykyforov/.m2/repository/io/swagger/codegen/v3/swagger-codegen/3.0.2/swagger-codegen-3.0.2.jar:/Users/danielnykyforov/.m2/repository/io/swagger/core/v3/swagger-models/2.0.4/swagger-models-2.0.4.jar:/Users/danielnykyforov/.m2/repository/io/swagger/swagger-parser/1.0.39/swagger-parser-1.0.39.jar:/Users/danielnykyforov/.m2/repository/io/swagger/swagger-core/1.5.21/swagger-core-1.5.21.jar:/Users/danielnykyforov/.m2/repository/io/swagger/swagger-models/1.5.21/swagger-models-1.5.21.jar:/Users/danielnykyforov/.m2/repository/io/swagger/swagger-annotations/1.5.21/swagger-annotations-1.5.21.jar:/Users/danielnykyforov/.m2/repository/io/swagger/core/v3/swagger-core/2.0.4/swagger-core-2.0.4.jar:/Users/danielnykyforov/.m2/repository/com/fasterxml/jackson/dataformat/jackson-dataformat-yaml/2.11.4/jackson-dataformat-yaml-2.11.4.jar:/Users/danielnykyforov/.m2/repository/io/swagger/core/v3/swagger-annotations/2.0.4/swagger-annotations-2.0.4.jar:/Users/danielnykyforov/.m2/repository/io/swagger/parser/v3/swagger-parser-core/2.0.5/swagger-parser-core-2.0.5.jar:/Users/danielnykyforov/.m2/repository/io/swagger/parser/v3/swagger-parser-v3/2.0.5/swagger-parser-v3-2.0.5.jar:/Users/danielnykyforov/.m2/repository/io/swagger/parser/v3/swagger-parser/2.0.5/swagger-parser-2.0.5.jar:/Users/danielnykyforov/.m2/repository/io/swagger/parser/v3/swagger-parser-v2-converter/2.0.5/swagger-parser-v2-converter-2.0.5.jar:/Users/danielnykyforov/.m2/repository/io/swagger/swagger-codegen/2.3.1/swagger-codegen-2.3.1.jar:/Users/danielnykyforov/.m2/repository/io/swagger/swagger-compat-spec-parser/1.0.33/swagger-compat-spec-parser-1.0.33.jar:/Users/danielnykyforov/.m2/repository/com/github/java-json-tools/json-schema-validator/2.2.8/json-schema-validator-2.2.8.jar:/Users/danielnykyforov/.m2/repository/com/github/java-json-tools/json-schema-core/1.2.8/json-schema-core-1.2.8.jar:/Users/danielnykyforov/.m2/repository/com/github/fge/uri-template/0.9/uri-template-0.9.jar:/Users/danielnykyforov/.m2/repository/joda-time/joda-time/2.9.7/joda-time-2.9.7.jar:/Users/danielnykyforov/.m2/repository/com/googlecode/libphonenumber/libphonenumber/8.0.0/libphonenumber-8.0.0.jar:/Users/danielnykyforov/.m2/repository/net/sf/jopt-simple/jopt-simple/5.0.3/jopt-simple-5.0.3.jar:/Users/danielnykyforov/.m2/repository/com/github/fge/json-patch/1.6/json-patch-1.6.jar:/Users/danielnykyforov/.m2/repository/com/github/fge/jackson-coreutils/1.6/jackson-coreutils-1.6.jar:/Users/danielnykyforov/.m2/repository/com/github/fge/msg-simple/1.1/msg-simple-1.1.jar:/Users/danielnykyforov/.m2/repository/com/github/fge/btf/1.2/btf-1.2.jar:/Users/danielnykyforov/.m2/repository/com/samskivert/jmustache/1.15/jmustache-1.15.jar:/Users/danielnykyforov/.m2/repository/org/slf4j/slf4j-ext/1.7.30/slf4j-ext-1.7.30.jar:/Users/danielnykyforov/.m2/repository/commons-cli/commons-cli/1.2/commons-cli-1.2.jar:/Users/danielnykyforov/.m2/repository/com/github/jknack/handlebars/4.0.6/handlebars-4.0.6.jar:/Users/danielnykyforov/.m2/repository/org/antlr/antlr4-runtime/4.5.1-1/antlr4-runtime-4.5.1-1.jar:/Users/danielnykyforov/.m2/repository/org/mozilla/rhino/1.7R4/rhino-1.7R4.jar:/Users/danielnykyforov/.m2/repository/com/atlassian/commonmark/commonmark/0.9.0/commonmark-0.9.0.jar:/Users/danielnykyforov/.m2/repository/io/swagger/codegen/v3/swagger-codegen-generators/1.0.2/swagger-codegen-generators-1.0.2.jar:/Users/danielnykyforov/.m2/repository/com/vaadin/flow-lit-template/6.0.7/flow-lit-template-6.0.7.jar:/Users/danielnykyforov/.m2/repository/com/vaadin/flow-polymer-template/6.0.7/flow-polymer-template-6.0.7.jar:/Users/danielnykyforov/.m2/repository/com/vaadin/flow-push/6.0.7/flow-push-6.0.7.jar:/Users/danielnykyforov/.m2/repository/com/vaadin/external/atmosphere/atmosphere-runtime/2.4.30.slf4jvaadin1/atmosphere-runtime-2.4.30.slf4jvaadin1.jar:/Users/danielnykyforov/.m2/repository/com/vaadin/flow-client/6.0.7/flow-client-6.0.7.jar:/Users/danielnykyforov/.m2/repository/com/vaadin/flow-html-components/6.0.7/flow-html-components-6.0.7.jar:/Users/danielnykyforov/.m2/repository/com/vaadin/flow-data/6.0.7/flow-data-6.0.7.jar:/Users/danielnykyforov/.m2/repository/com/vaadin/flow-dnd/6.0.7/flow-dnd-6.0.7.jar:/Users/danielnykyforov/.m2/repository/org/webjars/npm/vaadin__vaadin-mobile-drag-drop/1.0.0/vaadin__vaadin-mobile-drag-drop-1.0.0.jar:/Users/danielnykyforov/.m2/repository/org/webjars/npm/mobile-drag-drop/2.3.0-rc.1/mobile-drag-drop-2.3.0-rc.1.jar:/Users/danielnykyforov/.m2/repository/com/vaadin/vaadin-lumo-theme/6.0.7/vaadin-lumo-theme-6.0.7.jar:/Users/danielnykyforov/.m2/repository/com/vaadin/vaadin-material-theme/6.0.7/vaadin-material-theme-6.0.7.jar:/Users/danielnykyforov/.m2/repository/com/vaadin/vaadin-accordion-flow/19.0.6/vaadin-accordion-flow-19.0.6.jar:/Users/danielnykyforov/.m2/repository/com/vaadin/vaadin-avatar-flow/19.0.6/vaadin-avatar-flow-19.0.6.jar:/Users/danielnykyforov/.m2/repository/com/vaadin/vaadin-button-flow/19.0.6/vaadin-button-flow-19.0.6.jar:/Users/danielnykyforov/.m2/repository/com/vaadin/vaadin-checkbox-flow/19.0.6/vaadin-checkbox-flow-19.0.6.jar:/Users/danielnykyforov/.m2/repository/com/vaadin/vaadin-combo-box-flow/19.0.6/vaadin-combo-box-flow-19.0.6.jar:/Users/danielnykyforov/.m2/repository/com/vaadin/vaadin-custom-field-flow/19.0.6/vaadin-custom-field-flow-19.0.6.jar:/Users/danielnykyforov/.m2/repository/com/vaadin/vaadin-date-picker-flow/19.0.6/vaadin-date-picker-flow-19.0.6.jar:/Users/danielnykyforov/.m2/repository/com/vaadin/vaadin-date-time-picker-flow/19.0.6/vaadin-date-time-picker-flow-19.0.6.jar:/Users/danielnykyforov/.m2/repository/com/vaadin/vaadin-details-flow/19.0.6/vaadin-details-flow-19.0.6.jar:/Users/danielnykyforov/.m2/repository/com/vaadin/vaadin-time-picker-flow/19.0.6/vaadin-time-picker-flow-19.0.6.jar:/Users/danielnykyforov/.m2/repository/com/vaadin/vaadin-select-flow/19.0.6/vaadin-select-flow-19.0.6.jar:/Users/danielnykyforov/.m2/repository/com/vaadin/vaadin-dialog-flow/19.0.6/vaadin-dialog-flow-19.0.6.jar:/Users/danielnykyforov/.m2/repository/com/vaadin/vaadin-form-layout-flow/19.0.6/vaadin-form-layout-flow-19.0.6.jar:/Users/danielnykyforov/.m2/repository/com/vaadin/vaadin-grid-flow/19.0.6/vaadin-grid-flow-19.0.6.jar:/Users/danielnykyforov/.m2/repository/com/vaadin/vaadin-icons-flow/19.0.6/vaadin-icons-flow-19.0.6.jar:/Users/danielnykyforov/.m2/repository/com/vaadin/vaadin-iron-list-flow/19.0.6/vaadin-iron-list-flow-19.0.6.jar:/Users/danielnykyforov/.m2/repository/com/vaadin/vaadin-list-box-flow/19.0.6/vaadin-list-box-flow-19.0.6.jar:/Users/danielnykyforov/.m2/repository/com/vaadin/vaadin-login-flow/19.0.6/vaadin-login-flow-19.0.6.jar:/Users/danielnykyforov/.m2/repository/com/vaadin/vaadin-ordered-layout-flow/19.0.6/vaadin-ordered-layout-flow-19.0.6.jar:/Users/danielnykyforov/.m2/repository/com/vaadin/vaadin-progress-bar-flow/19.0.6/vaadin-progress-bar-flow-19.0.6.jar:/Users/danielnykyforov/.m2/repository/com/vaadin/vaadin-radio-button-flow/19.0.6/vaadin-radio-button-flow-19.0.6.jar:/Users/danielnykyforov/.m2/repository/com/vaadin/vaadin-split-layout-flow/19.0.6/vaadin-split-layout-flow-19.0.6.jar:/Users/danielnykyforov/.m2/repository/com/vaadin/vaadin-tabs-flow/19.0.6/vaadin-tabs-flow-19.0.6.jar:/Users/danielnykyforov/.m2/repository/com/vaadin/vaadin-text-field-flow/19.0.6/vaadin-text-field-flow-19.0.6.jar:/Users/danielnykyforov/.m2/repository/com/vaadin/vaadin-upload-flow/19.0.6/vaadin-upload-flow-19.0.6.jar:/Users/danielnykyforov/.m2/repository/com/vaadin/vaadin-notification-flow/19.0.6/vaadin-notification-flow-19.0.6.jar:/Users/danielnykyforov/.m2/repository/com/vaadin/vaadin-app-layout-flow/19.0.6/vaadin-app-layout-flow-19.0.6.jar:/Users/danielnykyforov/.m2/repository/com/vaadin/vaadin-context-menu-flow/19.0.6/vaadin-context-menu-flow-19.0.6.jar:/Users/danielnykyforov/.m2/repository/com/vaadin/vaadin-menu-bar-flow/19.0.6/vaadin-menu-bar-flow-19.0.6.jar:/Users/danielnykyforov/.m2/repository/com/vaadin/vaadin-board-flow/19.0.6/vaadin-board-flow-19.0.6.jar:/Users/danielnykyforov/.m2/repository/com/vaadin/vaadin-charts-flow/19.0.6/vaadin-charts-flow-19.0.6.jar:/Users/danielnykyforov/.m2/repository/com/fasterxml/jackson/core/jackson-databind/2.11.4/jackson-databind-2.11.4.jar:/Users/danielnykyforov/.m2/repository/com/vaadin/vaadin-confirm-dialog-flow/19.0.6/vaadin-confirm-dialog-flow-19.0.6.jar:/Users/danielnykyforov/.m2/repository/com/vaadin/vaadin-cookie-consent-flow/19.0.6/vaadin-cookie-consent-flow-19.0.6.jar:/Users/danielnykyforov/.m2/repository/com/vaadin/vaadin-crud-flow/19.0.6/vaadin-crud-flow-19.0.6.jar:/Users/danielnykyforov/.m2/repository/com/vaadin/vaadin-grid-pro-flow/19.0.6/vaadin-grid-pro-flow-19.0.6.jar:/Users/danielnykyforov/.m2/repository/com/vaadin/vaadin-rich-text-editor-flow/19.0.6/vaadin-rich-text-editor-flow-19.0.6.jar:/Users/danielnykyforov/.m2/repository/com/vaadin/collaboration-engine/3.0.1/collaboration-engine-3.0.1.jar:/Users/danielnykyforov/.m2/repository/javax/servlet/javax.servlet-api/4.0.1/javax.servlet-api-4.0.1.jar:/Users/danielnykyforov/.m2/repository/com/fasterxml/jackson/datatype/jackson-datatype-jsr310/2.11.4/jackson-datatype-jsr310-2.11.4.jar:/Users/danielnykyforov/.m2/repository/com/vaadin/license-checker/1.2.0/license-checker-1.2.0.jar:/Users/danielnykyforov/.m2/repository/com/github/oshi/oshi-core/5.5.0/oshi-core-5.5.0.jar:/Users/danielnykyforov/.m2/repository/net/java/dev/jna/jna/5.7.0/jna-5.7.0.jar:/Users/danielnykyforov/.m2/repository/net/java/dev/jna/jna-platform/5.7.0/jna-platform-5.7.0.jar:/Users/danielnykyforov/.m2/repository/com/vaadin/vaadin-spring-boot-starter/19.0.6/vaadin-spring-boot-starter-19.0.6.jar:/Users/danielnykyforov/.m2/repository/com/vaadin/vaadin-spring/16.0.1/vaadin-spring-16.0.1.jar:/Users/danielnykyforov/.m2/repository/org/springframework/spring-websocket/5.3.6/spring-websocket-5.3.6.jar:/Users/danielnykyforov/.m2/repository/com/vaadin/vaadin-server/8.12.4/vaadin-server-8.12.4.jar:/Users/danielnykyforov/.m2/repository/com/vaadin/vaadin-sass-compiler/0.9.13/vaadin-sass-compiler-0.9.13.jar:/Users/danielnykyforov/.m2/repository/org/w3c/css/sac/1.3/sac-1.3.jar:/Users/danielnykyforov/.m2/repository/com/vaadin/external/flute/flute/1.3.0.gg2/flute-1.3.0.gg2.jar:/Users/danielnykyforov/.m2/repository/com/vaadin/vaadin-shared/8.12.4/vaadin-shared-8.12.4.jar:/Users/danielnykyforov/.m2/repository/org/jsoup/jsoup/1.11.2/jsoup-1.11.2.jar:/Users/danielnykyforov/.m2/repository/com/vaadin/external/gentyref/1.2.0.vaadin1/gentyref-1.2.0.vaadin1.jar:/Users/danielnykyforov/.m2/repository/org/vaadin/artur/a-vaadin-helper/1.6.0/a-vaadin-helper-1.6.0.jar:/Users/danielnykyforov/.m2/repository/org/vaadin/artur/spring-data-provider/2.1.0/spring-data-provider-2.1.0.jar:/Users/danielnykyforov/.m2/repository/org/springframework/boot/spring-boot-starter-validation/2.4.5/spring-boot-starter-validation-2.4.5.jar:/Users/danielnykyforov/.m2/repository/org/springframework/boot/spring-boot-starter/2.4.5/spring-boot-starter-2.4.5.jar:/Users/danielnykyforov/.m2/repository/org/springframework/boot/spring-boot-starter-logging/2.4.5/spring-boot-starter-logging-2.4.5.jar:/Users/danielnykyforov/.m2/repository/ch/qos/logback/logback-classic/1.2.3/logback-classic-1.2.3.jar:/Users/danielnykyforov/.m2/repository/ch/qos/logback/logback-core/1.2.3/logback-core-1.2.3.jar:/Users/danielnykyforov/.m2/repository/org/apache/logging/log4j/log4j-to-slf4j/2.13.3/log4j-to-slf4j-2.13.3.jar:/Users/danielnykyforov/.m2/repository/org/apache/logging/log4j/log4j-api/2.13.3/log4j-api-2.13.3.jar:/Users/danielnykyforov/.m2/repository/org/slf4j/jul-to-slf4j/1.7.30/jul-to-slf4j-1.7.30.jar:/Users/danielnykyforov/.m2/repository/jakarta/annotation/jakarta.annotation-api/1.3.5/jakarta.annotation-api-1.3.5.jar:/Users/danielnykyforov/.m2/repository/org/yaml/snakeyaml/1.27/snakeyaml-1.27.jar:/Users/danielnykyforov/.m2/repository/org/glassfish/jakarta.el/3.0.3/jakarta.el-3.0.3.jar:/Users/danielnykyforov/.m2/repository/org/hibernate/validator/hibernate-validator/6.1.7.Final/hibernate-validator-6.1.7.Final.jar:/Users/danielnykyforov/.m2/repository/jakarta/validation/jakarta.validation-api/2.0.2/jakarta.validation-api-2.0.2.jar:/Users/danielnykyforov/.m2/repository/org/jboss/logging/jboss-logging/3.4.1.Final/jboss-logging-3.4.1.Final.jar:/Users/danielnykyforov/.m2/repository/com/fasterxml/classmate/1.5.1/classmate-1.5.1.jar:/Users/danielnykyforov/.m2/repository/org/springframework/boot/spring-boot-devtools/2.4.5/spring-boot-devtools-2.4.5.jar:/Users/danielnykyforov/.m2/repository/org/springframework/boot/spring-boot/2.4.5/spring-boot-2.4.5.jar:/Users/danielnykyforov/.m2/repository/org/springframework/boot/spring-boot-autoconfigure/2.4.5/spring-boot-autoconfigure-2.4.5.jar:/Users/danielnykyforov/.m2/repository/org/springframework/boot/spring-boot-starter-test/2.4.5/spring-boot-starter-test-2.4.5.jar:/Users/danielnykyforov/.m2/repository/org/springframework/boot/spring-boot-test/2.4.5/spring-boot-test-2.4.5.jar:/Users/danielnykyforov/.m2/repository/org/springframework/boot/spring-boot-test-autoconfigure/2.4.5/spring-boot-test-autoconfigure-2.4.5.jar:/Users/danielnykyforov/.m2/repository/com/jayway/jsonpath/json-path/2.4.0/json-path-2.4.0.jar:/Users/danielnykyforov/.m2/repository/net/minidev/json-smart/2.3/json-smart-2.3.jar:/Users/danielnykyforov/.m2/repository/net/minidev/accessors-smart/1.2/accessors-smart-1.2.jar:/Users/danielnykyforov/.m2/repository/org/ow2/asm/asm/5.0.4/asm-5.0.4.jar:/Users/danielnykyforov/.m2/repository/jakarta/xml/bind/jakarta.xml.bind-api/2.3.3/jakarta.xml.bind-api-2.3.3.jar:/Users/danielnykyforov/.m2/repository/jakarta/activation/jakarta.activation-api/1.2.2/jakarta.activation-api-1.2.2.jar:/Users/danielnykyforov/.m2/repository/org/assertj/assertj-core/3.18.1/assertj-core-3.18.1.jar:/Users/danielnykyforov/.m2/repository/org/hamcrest/hamcrest/2.2/hamcrest-2.2.jar:/Users/danielnykyforov/.m2/repository/org/junit/jupiter/junit-jupiter/5.7.1/junit-jupiter-5.7.1.jar:/Users/danielnykyforov/.m2/repository/org/junit/jupiter/junit-jupiter-api/5.7.1/junit-jupiter-api-5.7.1.jar:/Users/danielnykyforov/.m2/repository/org/junit/jupiter/junit-jupiter-params/5.7.1/junit-jupiter-params-5.7.1.jar:/Users/danielnykyforov/.m2/repository/org/junit/jupiter/junit-jupiter-engine/5.7.1/junit-jupiter-engine-5.7.1.jar:/Users/danielnykyforov/.m2/repository/org/mockito/mockito-core/3.6.28/mockito-core-3.6.28.jar:/Users/danielnykyforov/.m2/repository/net/bytebuddy/byte-buddy/1.10.22/byte-buddy-1.10.22.jar:/Users/danielnykyforov/.m2/repository/net/bytebuddy/byte-buddy-agent/1.10.22/byte-buddy-agent-1.10.22.jar:/Users/danielnykyforov/.m2/repository/org/objenesis/objenesis/3.1/objenesis-3.1.jar:/Users/danielnykyforov/.m2/repository/org/mockito/mockito-junit-jupiter/3.6.28/mockito-junit-jupiter-3.6.28.jar:/Users/danielnykyforov/.m2/repository/org/skyscreamer/jsonassert/1.5.0/jsonassert-1.5.0.jar:/Users/danielnykyforov/.m2/repository/com/vaadin/external/google/android-json/0.0.20131108.vaadin1/android-json-0.0.20131108.vaadin1.jar:/Users/danielnykyforov/.m2/repository/org/springframework/spring-core/5.3.6/spring-core-5.3.6.jar:/Users/danielnykyforov/.m2/repository/org/springframework/spring-jcl/5.3.6/spring-jcl-5.3.6.jar:/Users/danielnykyforov/.m2/repository/org/springframework/spring-test/5.3.6/spring-test-5.3.6.jar:/Users/danielnykyforov/.m2/repository/org/xmlunit/xmlunit-core/2.7.0/xmlunit-core-2.7.0.jar:/Users/danielnykyforov/.m2/repository/com/vaadin/vaadin-testbench/19.0.6/vaadin-testbench-19.0.6.jar:/Users/danielnykyforov/.m2/repository/com/vaadin/vaadin-testbench-core/7.0.0/vaadin-testbench-core-7.0.0.jar:/Users/danielnykyforov/.m2/repository/org/seleniumhq/selenium/selenium-remote-driver/3.141.59/selenium-remote-driver-3.141.59.jar:/Users/danielnykyforov/.m2/repository/org/seleniumhq/selenium/selenium-api/3.141.59/selenium-api-3.141.59.jar:/Users/danielnykyforov/.m2/repository/org/apache/commons/commons-exec/1.3/commons-exec-1.3.jar:/Users/danielnykyforov/.m2/repository/com/google/guava/guava/25.0-jre/guava-25.0-jre.jar:/Users/danielnykyforov/.m2/repository/com/google/code/findbugs/jsr305/1.3.9/jsr305-1.3.9.jar:/Users/danielnykyforov/.m2/repository/org/checkerframework/checker-compat-qual/2.0.0/checker-compat-qual-2.0.0.jar:/Users/danielnykyforov/.m2/repository/com/google/errorprone/error_prone_annotations/2.1.3/error_prone_annotations-2.1.3.jar:/Users/danielnykyforov/.m2/repository/com/google/j2objc/j2objc-annotations/1.1/j2objc-annotations-1.1.jar:/Users/danielnykyforov/.m2/repository/org/codehaus/mojo/animal-sniffer-annotations/1.14/animal-sniffer-annotations-1.14.jar:/Users/danielnykyforov/.m2/repository/com/squareup/okhttp3/okhttp/3.14.9/okhttp-3.14.9.jar:/Users/danielnykyforov/.m2/repository/com/squareup/okio/okio/1.14.0/okio-1.14.0.jar:/Users/danielnykyforov/.m2/repository/org/seleniumhq/selenium/selenium-java/3.141.59/selenium-java-3.141.59.jar:/Users/danielnykyforov/.m2/repository/org/seleniumhq/selenium/selenium-chrome-driver/3.141.59/selenium-chrome-driver-3.141.59.jar:/Users/danielnykyforov/.m2/repository/org/seleniumhq/selenium/selenium-edge-driver/3.141.59/selenium-edge-driver-3.141.59.jar:/Users/danielnykyforov/.m2/repository/org/seleniumhq/selenium/selenium-firefox-driver/3.141.59/selenium-firefox-driver-3.141.59.jar:/Users/danielnykyforov/.m2/repository/org/seleniumhq/selenium/selenium-ie-driver/3.141.59/selenium-ie-driver-3.141.59.jar:/Users/danielnykyforov/.m2/repository/org/seleniumhq/selenium/selenium-opera-driver/3.141.59/selenium-opera-driver-3.141.59.jar:/Users/danielnykyforov/.m2/repository/org/seleniumhq/selenium/selenium-safari-driver/3.141.59/selenium-safari-driver-3.141.59.jar:/Users/danielnykyforov/.m2/repository/org/seleniumhq/selenium/selenium-support/3.141.59/selenium-support-3.141.59.jar:/Users/danielnykyforov/.m2/repository/org/easymock/easymock/3.1/easymock-3.1.jar:/Users/danielnykyforov/.m2/repository/cglib/cglib-nodep/2.2.2/cglib-nodep-2.2.2.jar:/Users/danielnykyforov/.m2/repository/org/javassist/javassist/3.18.1-GA/javassist-3.18.1-GA.jar:/Users/danielnykyforov/.m2/repository/com/google/gwt/gwt-elemental/2.8.0/gwt-elemental-2.8.0.jar:/Users/danielnykyforov/.m2/repository/com/vaadin/flow-html-components-testbench/6.0.7/flow-html-components-testbench-6.0.7.jar:/Users/danielnykyforov/.m2/repository/com/vaadin/vaadin-accordion-testbench/19.0.6/vaadin-accordion-testbench-19.0.6.jar:/Users/danielnykyforov/.m2/repository/com/vaadin/vaadin-app-layout-testbench/19.0.6/vaadin-app-layout-testbench-19.0.6.jar:/Users/danielnykyforov/.m2/repository/com/vaadin/vaadin-avatar-testbench/19.0.6/vaadin-avatar-testbench-19.0.6.jar:/Users/danielnykyforov/.m2/repository/com/vaadin/vaadin-board-testbench/19.0.6/vaadin-board-testbench-19.0.6.jar:/Users/danielnykyforov/.m2/repository/com/vaadin/vaadin-button-testbench/19.0.6/vaadin-button-testbench-19.0.6.jar:/Users/danielnykyforov/.m2/repository/com/vaadin/vaadin-charts-testbench/19.0.6/vaadin-charts-testbench-19.0.6.jar:/Users/danielnykyforov/.m2/repository/com/vaadin/vaadin-checkbox-testbench/19.0.6/vaadin-checkbox-testbench-19.0.6.jar:/Users/danielnykyforov/.m2/repository/com/vaadin/vaadin-combo-box-testbench/19.0.6/vaadin-combo-box-testbench-19.0.6.jar:/Users/danielnykyforov/.m2/repository/com/vaadin/vaadin-confirm-dialog-testbench/19.0.6/vaadin-confirm-dialog-testbench-19.0.6.jar:/Users/danielnykyforov/.m2/repository/com/vaadin/vaadin-context-menu-testbench/19.0.6/vaadin-context-menu-testbench-19.0.6.jar:/Users/danielnykyforov/.m2/repository/com/vaadin/vaadin-cookie-consent-testbench/19.0.6/vaadin-cookie-consent-testbench-19.0.6.jar:/Users/danielnykyforov/.m2/repository/com/vaadin/vaadin-crud-testbench/19.0.6/vaadin-crud-testbench-19.0.6.jar:/Users/danielnykyforov/.m2/repository/com/vaadin/vaadin-custom-field-testbench/19.0.6/vaadin-custom-field-testbench-19.0.6.jar:/Users/danielnykyforov/.m2/repository/com/vaadin/vaadin-date-picker-testbench/19.0.6/vaadin-date-picker-testbench-19.0.6.jar:/Users/danielnykyforov/.m2/repository/com/vaadin/vaadin-date-time-picker-testbench/19.0.6/vaadin-date-time-picker-testbench-19.0.6.jar:/Users/danielnykyforov/.m2/repository/com/vaadin/vaadin-details-testbench/19.0.6/vaadin-details-testbench-19.0.6.jar:/Users/danielnykyforov/.m2/repository/com/vaadin/vaadin-dialog-testbench/19.0.6/vaadin-dialog-testbench-19.0.6.jar:/Users/danielnykyforov/.m2/repository/com/vaadin/vaadin-form-layout-testbench/19.0.6/vaadin-form-layout-testbench-19.0.6.jar:/Users/danielnykyforov/.m2/repository/com/vaadin/vaadin-grid-testbench/19.0.6/vaadin-grid-testbench-19.0.6.jar:/Users/danielnykyforov/.m2/repository/com/vaadin/vaadin-grid-pro-testbench/19.0.6/vaadin-grid-pro-testbench-19.0.6.jar:/Users/danielnykyforov/.m2/repository/com/vaadin/vaadin-icons-testbench/19.0.6/vaadin-icons-testbench-19.0.6.jar:/Users/danielnykyforov/.m2/repository/com/vaadin/vaadin-iron-list-testbench/19.0.6/vaadin-iron-list-testbench-19.0.6.jar:/Users/danielnykyforov/.m2/repository/com/vaadin/vaadin-list-box-testbench/19.0.6/vaadin-list-box-testbench-19.0.6.jar:/Users/danielnykyforov/.m2/repository/com/vaadin/vaadin-login-testbench/19.0.6/vaadin-login-testbench-19.0.6.jar:/Users/danielnykyforov/.m2/repository/com/vaadin/vaadin-menu-bar-testbench/19.0.6/vaadin-menu-bar-testbench-19.0.6.jar:/Users/danielnykyforov/.m2/repository/com/vaadin/vaadin-notification-testbench/19.0.6/vaadin-notification-testbench-19.0.6.jar:/Users/danielnykyforov/.m2/repository/com/vaadin/vaadin-ordered-layout-testbench/19.0.6/vaadin-ordered-layout-testbench-19.0.6.jar:/Users/danielnykyforov/.m2/repository/com/vaadin/vaadin-progress-bar-testbench/19.0.6/vaadin-progress-bar-testbench-19.0.6.jar:/Users/danielnykyforov/.m2/repository/com/vaadin/vaadin-radio-button-testbench/19.0.6/vaadin-radio-button-testbench-19.0.6.jar:/Users/danielnykyforov/.m2/repository/com/vaadin/vaadin-rich-text-editor-testbench/19.0.6/vaadin-rich-text-editor-testbench-19.0.6.jar:/Users/danielnykyforov/.m2/repository/com/vaadin/vaadin-select-testbench/19.0.6/vaadin-select-testbench-19.0.6.jar:/Users/danielnykyforov/.m2/repository/com/vaadin/vaadin-split-layout-testbench/19.0.6/vaadin-split-layout-testbench-19.0.6.jar:/Users/danielnykyforov/.m2/repository/com/vaadin/vaadin-tabs-testbench/19.0.6/vaadin-tabs-testbench-19.0.6.jar:/Users/danielnykyforov/.m2/repository/com/vaadin/vaadin-text-field-testbench/19.0.6/vaadin-text-field-testbench-19.0.6.jar:/Users/danielnykyforov/.m2/repository/com/vaadin/vaadin-time-picker-testbench/19.0.6/vaadin-time-picker-testbench-19.0.6.jar:/Users/danielnykyforov/.m2/repository/com/vaadin/vaadin-upload-testbench/19.0.6/vaadin-upload-testbench-19.0.6.jar:/Users/danielnykyforov/.m2/repository/org/junit/vintage/junit-vintage-engine/5.7.1/junit-vintage-engine-5.7.1.jar:/Users/danielnykyforov/.m2/repository/org/apiguardian/apiguardian-api/1.1.0/apiguardian-api-1.1.0.jar:/Users/danielnykyforov/.m2/repository/org/junit/platform/junit-platform-engine/1.7.1/junit-platform-engine-1.7.1.jar:/Users/danielnykyforov/.m2/repository/org/opentest4j/opentest4j/1.2.0/opentest4j-1.2.0.jar:/Users/danielnykyforov/.m2/repository/org/junit/platform/junit-platform-commons/1.7.1/junit-platform-commons-1.7.1.jar:/Users/danielnykyforov/.m2/repository/junit/junit/4.13.2/junit-4.13.2.jar:/Users/danielnykyforov/.m2/repository/io/github/bonigarcia/webdrivermanager/3.8.1/webdrivermanager-3.8.1.jar:/Users/danielnykyforov/.m2/repository/org/slf4j/slf4j-api/1.7.30/slf4j-api-1.7.30.jar:/Users/danielnykyforov/.m2/repository/commons-io/commons-io/2.6/commons-io-2.6.jar:/Users/danielnykyforov/.m2/repository/com/google/code/gson/gson/2.8.6/gson-2.8.6.jar:/Users/danielnykyforov/.m2/repository/org/apache/commons/commons-lang3/3.11/commons-lang3-3.11.jar:/Users/danielnykyforov/.m2/repository/org/apache/httpcomponents/httpclient/4.5.13/httpclient-4.5.13.jar:/Users/danielnykyforov/.m2/repository/org/apache/httpcomponents/httpcore/4.4.14/httpcore-4.4.14.jar:/Users/danielnykyforov/.m2/repository/org/rauschig/jarchivelib/1.0.0/jarchivelib-1.0.0.jar:/Users/danielnykyforov/.m2/repository/org/apache/commons/commons-compress/1.18/commons-compress-1.18.jar:/Users/danielnykyforov/.m2/repository/log4j/log4j/1.2.17/log4j-1.2.17.jar:/Users/danielnykyforov/.m2/repository/org/mockito/mockito-all/1.10.19/mockito-all-1.10.19.jar:/Users/danielnykyforov/.m2/repository/org/springframework/boot/spring-boot-starter-data-jpa/2.4.5/spring-boot-starter-data-jpa-2.4.5.jar:/Users/danielnykyforov/.m2/repository/org/springframework/boot/spring-boot-starter-aop/2.4.5/spring-boot-starter-aop-2.4.5.jar:/Users/danielnykyforov/.m2/repository/org/aspectj/aspectjweaver/1.9.6/aspectjweaver-1.9.6.jar:/Users/danielnykyforov/.m2/repository/org/springframework/boot/spring-boot-starter-jdbc/2.4.5/spring-boot-starter-jdbc-2.4.5.jar:/Users/danielnykyforov/.m2/repository/com/zaxxer/HikariCP/3.4.5/HikariCP-3.4.5.jar:/Users/danielnykyforov/.m2/repository/org/springframework/spring-jdbc/5.3.6/spring-jdbc-5.3.6.jar:/Users/danielnykyforov/.m2/repository/jakarta/transaction/jakarta.transaction-api/1.3.3/jakarta.transaction-api-1.3.3.jar:/Users/danielnykyforov/.m2/repository/jakarta/persistence/jakarta.persistence-api/2.2.3/jakarta.persistence-api-2.2.3.jar:/Users/danielnykyforov/.m2/repository/org/hibernate/hibernate-core/5.4.30.Final/hibernate-core-5.4.30.Final.jar:/Users/danielnykyforov/.m2/repository/antlr/antlr/2.7.7/antlr-2.7.7.jar:/Users/danielnykyforov/.m2/repository/org/jboss/jandex/2.2.3.Final/jandex-2.2.3.Final.jar:/Users/danielnykyforov/.m2/repository/org/dom4j/dom4j/2.1.3/dom4j-2.1.3.jar:/Users/danielnykyforov/.m2/repository/org/hibernate/common/hibernate-commons-annotations/5.1.2.Final/hibernate-commons-annotations-5.1.2.Final.jar:/Users/danielnykyforov/.m2/repository/org/glassfish/jaxb/jaxb-runtime/2.3.4/jaxb-runtime-2.3.4.jar:/Users/danielnykyforov/.m2/repository/org/glassfish/jaxb/txw2/2.3.4/txw2-2.3.4.jar:/Users/danielnykyforov/.m2/repository/com/sun/istack/istack-commons-runtime/3.0.12/istack-commons-runtime-3.0.12.jar:/Users/danielnykyforov/.m2/repository/com/sun/activation/jakarta.activation/1.2.2/jakarta.activation-1.2.2.jar:/Users/danielnykyforov/.m2/repository/org/springframework/data/spring-data-jpa/2.4.8/spring-data-jpa-2.4.8.jar:/Users/danielnykyforov/.m2/repository/org/springframework/data/spring-data-commons/2.4.8/spring-data-commons-2.4.8.jar:/Users/danielnykyforov/.m2/repository/org/springframework/spring-orm/5.3.6/spring-orm-5.3.6.jar:/Users/danielnykyforov/.m2/repository/org/springframework/spring-tx/5.3.6/spring-tx-5.3.6.jar:/Users/danielnykyforov/.m2/repository/org/springframework/spring-aspects/5.3.6/spring-aspects-5.3.6.jar:/Users/danielnykyforov/.m2/repository/org/springframework/boot/spring-boot-starter-web/2.4.5/spring-boot-starter-web-2.4.5.jar:/Users/danielnykyforov/.m2/repository/org/springframework/boot/spring-boot-starter-json/2.4.5/spring-boot-starter-json-2.4.5.jar:/Users/danielnykyforov/.m2/repository/com/fasterxml/jackson/datatype/jackson-datatype-jdk8/2.11.4/jackson-datatype-jdk8-2.11.4.jar:/Users/danielnykyforov/.m2/repository/com/fasterxml/jackson/module/jackson-module-parameter-names/2.11.4/jackson-module-parameter-names-2.11.4.jar:/Users/danielnykyforov/.m2/repository/org/springframework/boot/spring-boot-starter-tomcat/2.4.5/spring-boot-starter-tomcat-2.4.5.jar:/Users/danielnykyforov/.m2/repository/org/apache/tomcat/embed/tomcat-embed-core/9.0.45/tomcat-embed-core-9.0.45.jar:/Users/danielnykyforov/.m2/repository/org/apache/tomcat/embed/tomcat-embed-websocket/9.0.45/tomcat-embed-websocket-9.0.45.jar:/Users/danielnykyforov/.m2/repository/org/springframework/spring-web/5.3.6/spring-web-5.3.6.jar:/Users/danielnykyforov/.m2/repository/org/springframework/spring-webmvc/5.3.6/spring-webmvc-5.3.6.jar:/Users/danielnykyforov/.m2/repository/org/springframework/security/spring-security-web/5.4.6/spring-security-web-5.4.6.jar:/Users/danielnykyforov/.m2/repository/org/springframework/security/spring-security-core/5.4.6/spring-security-core-5.4.6.jar:/Users/danielnykyforov/.m2/repository/org/springframework/spring-aop/5.3.6/spring-aop-5.3.6.jar:/Users/danielnykyforov/.m2/repository/org/springframework/spring-beans/5.3.6/spring-beans-5.3.6.jar:/Users/danielnykyforov/.m2/repository/org/springframework/spring-context/5.3.6/spring-context-5.3.6.jar:/Users/danielnykyforov/.m2/repository/org/springframework/spring-expression/5.3.6/spring-expression-5.3.6.jar:/Users/danielnykyforov/.m2/repository/org/springframework/security/spring-security-config/5.4.6/spring-security-config-5.4.6.jar:/Users/danielnykyforov/.m2/repository/org/projectlombok/lombok/1.18.20/lombok-1.18.20.jar:/Users/danielnykyforov/.m2/repository/mysql/mysql-connector-java/8.0.22/mysql-connector-java-8.0.22.jar:/Users/danielnykyforov/.m2/repository/commons-codec/commons-codec/1.4/commons-codec-1.4.jar:/Users/danielnykyforov/.m2/repository/org/liquibase/liquibase-core/3.10.3/liquibase-core-3.10.3.jar:/Users/danielnykyforov/.m2/repository/javax/xml/bind/jaxb-api/2.3.1/jaxb-api-2.3.1.jar:/Users/danielnykyforov/.m2/repository/javax/activation/javax.activation-api/1.2.0/javax.activation-api-1.2.0.jar:"/>
    <property name="java.vm.vendor" value="Oracle Corporation"/>
    <property name="sun.arch.data.model" value="64"/>
    <property name="java.vendor.url" value="https://java.oracle.com/"/>
    <property name="os.name" value="Mac OS X"/>
    <property name="java.vm.specification.version" value="15"/>
    <property name="sun.java.launcher" value="SUN_STANDARD"/>
    <property name="user.country" value="UA"/>
    <property name="sun.boot.library.path" value="/Users/danielnykyforov/Library/Java/JavaVirtualMachines/openjdk-15.0.2/Contents/Home/lib"/>
    <property name="sun.java.command" value="/Users/danielnykyforov/Desktop/carservice_final_edition/target/surefire/surefirebooter2868093577237170043.jar /Users/danielnykyforov/Desktop/carservice_final_edition/target/surefire 2021-05-31T16-34-26_357-jvmRun1 surefire2924002924132210799tmp surefire_018394065551627322376tmp"/>
    <property name="http.nonProxyHosts" value="local|*.local|169.254/16|*.169.254/16"/>
    <property name="jdk.debug" value="release"/>
    <property name="surefire.test.class.path" value="/Users/danielnykyforov/Desktop/carservice_final_edition/target/test-classes:/Users/danielnykyforov/Desktop/carservice_final_edition/target/classes:/Users/danielnykyforov/.m2/repository/com/vaadin/vaadin/19.0.6/vaadin-19.0.6.jar:/Users/danielnykyforov/.m2/repository/com/vaadin/vaadin-core/19.0.6/vaadin-core-19.0.6.jar:/Users/danielnykyforov/.m2/repository/com/vaadin/flow-server/6.0.7/flow-server-6.0.7.jar:/Users/danielnykyforov/.m2/repository/com/vaadin/external/gwt/gwt-elemental/2.8.2.vaadin2/gwt-elemental-2.8.2.vaadin2.jar:/Users/danielnykyforov/.m2/repository/commons-fileupload/commons-fileupload/1.3.3/commons-fileupload-1.3.3.jar:/Users/danielnykyforov/.m2/repository/com/fasterxml/jackson/core/jackson-core/2.11.4/jackson-core-2.11.4.jar:/Users/danielnykyforov/.m2/repository/com/helger/ph-css/6.1.1/ph-css-6.1.1.jar:/Users/danielnykyforov/.m2/repository/com/helger/ph-commons/9.1.2/ph-commons-9.1.2.jar:/Users/danielnykyforov/.m2/repository/com/vaadin/fusion-endpoint/6.0.7/fusion-endpoint-6.0.7.jar:/Users/danielnykyforov/.m2/repository/javax/validation/validation-api/2.0.1.Final/validation-api-2.0.1.Final.jar:/Users/danielnykyforov/.m2/repository/com/fasterxml/jackson/core/jackson-annotations/2.11.4/jackson-annotations-2.11.4.jar:/Users/danielnykyforov/.m2/repository/javax/annotation/javax.annotation-api/1.3.2/javax.annotation-api-1.3.2.jar:/Users/danielnykyforov/.m2/repository/com/github/javaparser/javaparser-symbol-solver-core/3.15.1/javaparser-symbol-solver-core-3.15.1.jar:/Users/danielnykyforov/.m2/repository/com/github/javaparser/javaparser-symbol-solver-logic/3.15.1/javaparser-symbol-solver-logic-3.15.1.jar:/Users/danielnykyforov/.m2/repository/com/github/javaparser/javaparser-symbol-solver-model/3.15.1/javaparser-symbol-solver-model-3.15.1.jar:/Users/danielnykyforov/.m2/repository/com/github/javaparser/javaparser-core/3.15.1/javaparser-core-3.15.1.jar:/Users/danielnykyforov/.m2/repository/io/swagger/codegen/v3/swagger-codegen/3.0.2/swagger-codegen-3.0.2.jar:/Users/danielnykyforov/.m2/repository/io/swagger/core/v3/swagger-models/2.0.4/swagger-models-2.0.4.jar:/Users/danielnykyforov/.m2/repository/io/swagger/swagger-parser/1.0.39/swagger-parser-1.0.39.jar:/Users/danielnykyforov/.m2/repository/io/swagger/swagger-core/1.5.21/swagger-core-1.5.21.jar:/Users/danielnykyforov/.m2/repository/io/swagger/swagger-models/1.5.21/swagger-models-1.5.21.jar:/Users/danielnykyforov/.m2/repository/io/swagger/swagger-annotations/1.5.21/swagger-annotations-1.5.21.jar:/Users/danielnykyforov/.m2/repository/io/swagger/core/v3/swagger-core/2.0.4/swagger-core-2.0.4.jar:/Users/danielnykyforov/.m2/repository/com/fasterxml/jackson/dataformat/jackson-dataformat-yaml/2.11.4/jackson-dataformat-yaml-2.11.4.jar:/Users/danielnykyforov/.m2/repository/io/swagger/core/v3/swagger-annotations/2.0.4/swagger-annotations-2.0.4.jar:/Users/danielnykyforov/.m2/repository/io/swagger/parser/v3/swagger-parser-core/2.0.5/swagger-parser-core-2.0.5.jar:/Users/danielnykyforov/.m2/repository/io/swagger/parser/v3/swagger-parser-v3/2.0.5/swagger-parser-v3-2.0.5.jar:/Users/danielnykyforov/.m2/repository/io/swagger/parser/v3/swagger-parser/2.0.5/swagger-parser-2.0.5.jar:/Users/danielnykyforov/.m2/repository/io/swagger/parser/v3/swagger-parser-v2-converter/2.0.5/swagger-parser-v2-converter-2.0.5.jar:/Users/danielnykyforov/.m2/repository/io/swagger/swagger-codegen/2.3.1/swagger-codegen-2.3.1.jar:/Users/danielnykyforov/.m2/repository/io/swagger/swagger-compat-spec-parser/1.0.33/swagger-compat-spec-parser-1.0.33.jar:/Users/danielnykyforov/.m2/repository/com/github/java-json-tools/json-schema-validator/2.2.8/json-schema-validator-2.2.8.jar:/Users/danielnykyforov/.m2/repository/com/github/java-json-tools/json-schema-core/1.2.8/json-schema-core-1.2.8.jar:/Users/danielnykyforov/.m2/repository/com/github/fge/uri-template/0.9/uri-template-0.9.jar:/Users/danielnykyforov/.m2/repository/joda-time/joda-time/2.9.7/joda-time-2.9.7.jar:/Users/danielnykyforov/.m2/repository/com/googlecode/libphonenumber/libphonenumber/8.0.0/libphonenumber-8.0.0.jar:/Users/danielnykyforov/.m2/repository/net/sf/jopt-simple/jopt-simple/5.0.3/jopt-simple-5.0.3.jar:/Users/danielnykyforov/.m2/repository/com/github/fge/json-patch/1.6/json-patch-1.6.jar:/Users/danielnykyforov/.m2/repository/com/github/fge/jackson-coreutils/1.6/jackson-coreutils-1.6.jar:/Users/danielnykyforov/.m2/repository/com/github/fge/msg-simple/1.1/msg-simple-1.1.jar:/Users/danielnykyforov/.m2/repository/com/github/fge/btf/1.2/btf-1.2.jar:/Users/danielnykyforov/.m2/repository/com/samskivert/jmustache/1.15/jmustache-1.15.jar:/Users/danielnykyforov/.m2/repository/org/slf4j/slf4j-ext/1.7.30/slf4j-ext-1.7.30.jar:/Users/danielnykyforov/.m2/repository/commons-cli/commons-cli/1.2/commons-cli-1.2.jar:/Users/danielnykyforov/.m2/repository/com/github/jknack/handlebars/4.0.6/handlebars-4.0.6.jar:/Users/danielnykyforov/.m2/repository/org/antlr/antlr4-runtime/4.5.1-1/antlr4-runtime-4.5.1-1.jar:/Users/danielnykyforov/.m2/repository/org/mozilla/rhino/1.7R4/rhino-1.7R4.jar:/Users/danielnykyforov/.m2/repository/com/atlassian/commonmark/commonmark/0.9.0/commonmark-0.9.0.jar:/Users/danielnykyforov/.m2/repository/io/swagger/codegen/v3/swagger-codegen-generators/1.0.2/swagger-codegen-generators-1.0.2.jar:/Users/danielnykyforov/.m2/repository/com/vaadin/flow-lit-template/6.0.7/flow-lit-template-6.0.7.jar:/Users/danielnykyforov/.m2/repository/com/vaadin/flow-polymer-template/6.0.7/flow-polymer-template-6.0.7.jar:/Users/danielnykyforov/.m2/repository/com/vaadin/flow-push/6.0.7/flow-push-6.0.7.jar:/Users/danielnykyforov/.m2/repository/com/vaadin/external/atmosphere/atmosphere-runtime/2.4.30.slf4jvaadin1/atmosphere-runtime-2.4.30.slf4jvaadin1.jar:/Users/danielnykyforov/.m2/repository/com/vaadin/flow-client/6.0.7/flow-client-6.0.7.jar:/Users/danielnykyforov/.m2/repository/com/vaadin/flow-html-components/6.0.7/flow-html-components-6.0.7.jar:/Users/danielnykyforov/.m2/repository/com/vaadin/flow-data/6.0.7/flow-data-6.0.7.jar:/Users/danielnykyforov/.m2/repository/com/vaadin/flow-dnd/6.0.7/flow-dnd-6.0.7.jar:/Users/danielnykyforov/.m2/repository/org/webjars/npm/vaadin__vaadin-mobile-drag-drop/1.0.0/vaadin__vaadin-mobile-drag-drop-1.0.0.jar:/Users/danielnykyforov/.m2/repository/org/webjars/npm/mobile-drag-drop/2.3.0-rc.1/mobile-drag-drop-2.3.0-rc.1.jar:/Users/danielnykyforov/.m2/repository/com/vaadin/vaadin-lumo-theme/6.0.7/vaadin-lumo-theme-6.0.7.jar:/Users/danielnykyforov/.m2/repository/com/vaadin/vaadin-material-theme/6.0.7/vaadin-material-theme-6.0.7.jar:/Users/danielnykyforov/.m2/repository/com/vaadin/vaadin-accordion-flow/19.0.6/vaadin-accordion-flow-19.0.6.jar:/Users/danielnykyforov/.m2/repository/com/vaadin/vaadin-avatar-flow/19.0.6/vaadin-avatar-flow-19.0.6.jar:/Users/danielnykyforov/.m2/repository/com/vaadin/vaadin-button-flow/19.0.6/vaadin-button-flow-19.0.6.jar:/Users/danielnykyforov/.m2/repository/com/vaadin/vaadin-checkbox-flow/19.0.6/vaadin-checkbox-flow-19.0.6.jar:/Users/danielnykyforov/.m2/repository/com/vaadin/vaadin-combo-box-flow/19.0.6/vaadin-combo-box-flow-19.0.6.jar:/Users/danielnykyforov/.m2/repository/com/vaadin/vaadin-custom-field-flow/19.0.6/vaadin-custom-field-flow-19.0.6.jar:/Users/danielnykyforov/.m2/repository/com/vaadin/vaadin-date-picker-flow/19.0.6/vaadin-date-picker-flow-19.0.6.jar:/Users/danielnykyforov/.m2/repository/com/vaadin/vaadin-date-time-picker-flow/19.0.6/vaadin-date-time-picker-flow-19.0.6.jar:/Users/danielnykyforov/.m2/repository/com/vaadin/vaadin-details-flow/19.0.6/vaadin-details-flow-19.0.6.jar:/Users/danielnykyforov/.m2/repository/com/vaadin/vaadin-time-picker-flow/19.0.6/vaadin-time-picker-flow-19.0.6.jar:/Users/danielnykyforov/.m2/repository/com/vaadin/vaadin-select-flow/19.0.6/vaadin-select-flow-19.0.6.jar:/Users/danielnykyforov/.m2/repository/com/vaadin/vaadin-dialog-flow/19.0.6/vaadin-dialog-flow-19.0.6.jar:/Users/danielnykyforov/.m2/repository/com/vaadin/vaadin-form-layout-flow/19.0.6/vaadin-form-layout-flow-19.0.6.jar:/Users/danielnykyforov/.m2/repository/com/vaadin/vaadin-grid-flow/19.0.6/vaadin-grid-flow-19.0.6.jar:/Users/danielnykyforov/.m2/repository/com/vaadin/vaadin-icons-flow/19.0.6/vaadin-icons-flow-19.0.6.jar:/Users/danielnykyforov/.m2/repository/com/vaadin/vaadin-iron-list-flow/19.0.6/vaadin-iron-list-flow-19.0.6.jar:/Users/danielnykyforov/.m2/repository/com/vaadin/vaadin-list-box-flow/19.0.6/vaadin-list-box-flow-19.0.6.jar:/Users/danielnykyforov/.m2/repository/com/vaadin/vaadin-login-flow/19.0.6/vaadin-login-flow-19.0.6.jar:/Users/danielnykyforov/.m2/repository/com/vaadin/vaadin-ordered-layout-flow/19.0.6/vaadin-ordered-layout-flow-19.0.6.jar:/Users/danielnykyforov/.m2/repository/com/vaadin/vaadin-progress-bar-flow/19.0.6/vaadin-progress-bar-flow-19.0.6.jar:/Users/danielnykyforov/.m2/repository/com/vaadin/vaadin-radio-button-flow/19.0.6/vaadin-radio-button-flow-19.0.6.jar:/Users/danielnykyforov/.m2/repository/com/vaadin/vaadin-split-layout-flow/19.0.6/vaadin-split-layout-flow-19.0.6.jar:/Users/danielnykyforov/.m2/repository/com/vaadin/vaadin-tabs-flow/19.0.6/vaadin-tabs-flow-19.0.6.jar:/Users/danielnykyforov/.m2/repository/com/vaadin/vaadin-text-field-flow/19.0.6/vaadin-text-field-flow-19.0.6.jar:/Users/danielnykyforov/.m2/repository/com/vaadin/vaadin-upload-flow/19.0.6/vaadin-upload-flow-19.0.6.jar:/Users/danielnykyforov/.m2/repository/com/vaadin/vaadin-notification-flow/19.0.6/vaadin-notification-flow-19.0.6.jar:/Users/danielnykyforov/.m2/repository/com/vaadin/vaadin-app-layout-flow/19.0.6/vaadin-app-layout-flow-19.0.6.jar:/Users/danielnykyforov/.m2/repository/com/vaadin/vaadin-context-menu-flow/19.0.6/vaadin-context-menu-flow-19.0.6.jar:/Users/danielnykyforov/.m2/repository/com/vaadin/vaadin-menu-bar-flow/19.0.6/vaadin-menu-bar-flow-19.0.6.jar:/Users/danielnykyforov/.m2/repository/com/vaadin/vaadin-board-flow/19.0.6/vaadin-board-flow-19.0.6.jar:/Users/danielnykyforov/.m2/repository/com/vaadin/vaadin-charts-flow/19.0.6/vaadin-charts-flow-19.0.6.jar:/Users/danielnykyforov/.m2/repository/com/fasterxml/jackson/core/jackson-databind/2.11.4/jackson-databind-2.11.4.jar:/Users/danielnykyforov/.m2/repository/com/vaadin/vaadin-confirm-dialog-flow/19.0.6/vaadin-confirm-dialog-flow-19.0.6.jar:/Users/danielnykyforov/.m2/repository/com/vaadin/vaadin-cookie-consent-flow/19.0.6/vaadin-cookie-consent-flow-19.0.6.jar:/Users/danielnykyforov/.m2/repository/com/vaadin/vaadin-crud-flow/19.0.6/vaadin-crud-flow-19.0.6.jar:/Users/danielnykyforov/.m2/repository/com/vaadin/vaadin-grid-pro-flow/19.0.6/vaadin-grid-pro-flow-19.0.6.jar:/Users/danielnykyforov/.m2/repository/com/vaadin/vaadin-rich-text-editor-flow/19.0.6/vaadin-rich-text-editor-flow-19.0.6.jar:/Users/danielnykyforov/.m2/repository/com/vaadin/collaboration-engine/3.0.1/collaboration-engine-3.0.1.jar:/Users/danielnykyforov/.m2/repository/javax/servlet/javax.servlet-api/4.0.1/javax.servlet-api-4.0.1.jar:/Users/danielnykyforov/.m2/repository/com/fasterxml/jackson/datatype/jackson-datatype-jsr310/2.11.4/jackson-datatype-jsr310-2.11.4.jar:/Users/danielnykyforov/.m2/repository/com/vaadin/license-checker/1.2.0/license-checker-1.2.0.jar:/Users/danielnykyforov/.m2/repository/com/github/oshi/oshi-core/5.5.0/oshi-core-5.5.0.jar:/Users/danielnykyforov/.m2/repository/net/java/dev/jna/jna/5.7.0/jna-5.7.0.jar:/Users/danielnykyforov/.m2/repository/net/java/dev/jna/jna-platform/5.7.0/jna-platform-5.7.0.jar:/Users/danielnykyforov/.m2/repository/com/vaadin/vaadin-spring-boot-starter/19.0.6/vaadin-spring-boot-starter-19.0.6.jar:/Users/danielnykyforov/.m2/repository/com/vaadin/vaadin-spring/16.0.1/vaadin-spring-16.0.1.jar:/Users/danielnykyforov/.m2/repository/org/springframework/spring-websocket/5.3.6/spring-websocket-5.3.6.jar:/Users/danielnykyforov/.m2/repository/com/vaadin/vaadin-server/8.12.4/vaadin-server-8.12.4.jar:/Users/danielnykyforov/.m2/repository/com/vaadin/vaadin-sass-compiler/0.9.13/vaadin-sass-compiler-0.9.13.jar:/Users/danielnykyforov/.m2/repository/org/w3c/css/sac/1.3/sac-1.3.jar:/Users/danielnykyforov/.m2/repository/com/vaadin/external/flute/flute/1.3.0.gg2/flute-1.3.0.gg2.jar:/Users/danielnykyforov/.m2/repository/com/vaadin/vaadin-shared/8.12.4/vaadin-shared-8.12.4.jar:/Users/danielnykyforov/.m2/repository/org/jsoup/jsoup/1.11.2/jsoup-1.11.2.jar:/Users/danielnykyforov/.m2/repository/com/vaadin/external/gentyref/1.2.0.vaadin1/gentyref-1.2.0.vaadin1.jar:/Users/danielnykyforov/.m2/repository/org/vaadin/artur/a-vaadin-helper/1.6.0/a-vaadin-helper-1.6.0.jar:/Users/danielnykyforov/.m2/repository/org/vaadin/artur/spring-data-provider/2.1.0/spring-data-provider-2.1.0.jar:/Users/danielnykyforov/.m2/repository/org/springframework/boot/spring-boot-starter-validation/2.4.5/spring-boot-starter-validation-2.4.5.jar:/Users/danielnykyforov/.m2/repository/org/springframework/boot/spring-boot-starter/2.4.5/spring-boot-starter-2.4.5.jar:/Users/danielnykyforov/.m2/repository/org/springframework/boot/spring-boot-starter-logging/2.4.5/spring-boot-starter-logging-2.4.5.jar:/Users/danielnykyforov/.m2/repository/ch/qos/logback/logback-classic/1.2.3/logback-classic-1.2.3.jar:/Users/danielnykyforov/.m2/repository/ch/qos/logback/logback-core/1.2.3/logback-core-1.2.3.jar:/Users/danielnykyforov/.m2/repository/org/apache/logging/log4j/log4j-to-slf4j/2.13.3/log4j-to-slf4j-2.13.3.jar:/Users/danielnykyforov/.m2/repository/org/apache/logging/log4j/log4j-api/2.13.3/log4j-api-2.13.3.jar:/Users/danielnykyforov/.m2/repository/org/slf4j/jul-to-slf4j/1.7.30/jul-to-slf4j-1.7.30.jar:/Users/danielnykyforov/.m2/repository/jakarta/annotation/jakarta.annotation-api/1.3.5/jakarta.annotation-api-1.3.5.jar:/Users/danielnykyforov/.m2/repository/org/yaml/snakeyaml/1.27/snakeyaml-1.27.jar:/Users/danielnykyforov/.m2/repository/org/glassfish/jakarta.el/3.0.3/jakarta.el-3.0.3.jar:/Users/danielnykyforov/.m2/repository/org/hibernate/validator/hibernate-validator/6.1.7.Final/hibernate-validator-6.1.7.Final.jar:/Users/danielnykyforov/.m2/repository/jakarta/validation/jakarta.validation-api/2.0.2/jakarta.validation-api-2.0.2.jar:/Users/danielnykyforov/.m2/repository/org/jboss/logging/jboss-logging/3.4.1.Final/jboss-logging-3.4.1.Final.jar:/Users/danielnykyforov/.m2/repository/com/fasterxml/classmate/1.5.1/classmate-1.5.1.jar:/Users/danielnykyforov/.m2/repository/org/springframework/boot/spring-boot-devtools/2.4.5/spring-boot-devtools-2.4.5.jar:/Users/danielnykyforov/.m2/repository/org/springframework/boot/spring-boot/2.4.5/spring-boot-2.4.5.jar:/Users/danielnykyforov/.m2/repository/org/springframework/boot/spring-boot-autoconfigure/2.4.5/spring-boot-autoconfigure-2.4.5.jar:/Users/danielnykyforov/.m2/repository/org/springframework/boot/spring-boot-starter-test/2.4.5/spring-boot-starter-test-2.4.5.jar:/Users/danielnykyforov/.m2/repository/org/springframework/boot/spring-boot-test/2.4.5/spring-boot-test-2.4.5.jar:/Users/danielnykyforov/.m2/repository/org/springframework/boot/spring-boot-test-autoconfigure/2.4.5/spring-boot-test-autoconfigure-2.4.5.jar:/Users/danielnykyforov/.m2/repository/com/jayway/jsonpath/json-path/2.4.0/json-path-2.4.0.jar:/Users/danielnykyforov/.m2/repository/net/minidev/json-smart/2.3/json-smart-2.3.jar:/Users/danielnykyforov/.m2/repository/net/minidev/accessors-smart/1.2/accessors-smart-1.2.jar:/Users/danielnykyforov/.m2/repository/org/ow2/asm/asm/5.0.4/asm-5.0.4.jar:/Users/danielnykyforov/.m2/repository/jakarta/xml/bind/jakarta.xml.bind-api/2.3.3/jakarta.xml.bind-api-2.3.3.jar:/Users/danielnykyforov/.m2/repository/jakarta/activation/jakarta.activation-api/1.2.2/jakarta.activation-api-1.2.2.jar:/Users/danielnykyforov/.m2/repository/org/assertj/assertj-core/3.18.1/assertj-core-3.18.1.jar:/Users/danielnykyforov/.m2/repository/org/hamcrest/hamcrest/2.2/hamcrest-2.2.jar:/Users/danielnykyforov/.m2/repository/org/junit/jupiter/junit-jupiter/5.7.1/junit-jupiter-5.7.1.jar:/Users/danielnykyforov/.m2/repository/org/junit/jupiter/junit-jupiter-api/5.7.1/junit-jupiter-api-5.7.1.jar:/Users/danielnykyforov/.m2/repository/org/junit/jupiter/junit-jupiter-params/5.7.1/junit-jupiter-params-5.7.1.jar:/Users/danielnykyforov/.m2/repository/org/junit/jupiter/junit-jupiter-engine/5.7.1/junit-jupiter-engine-5.7.1.jar:/Users/danielnykyforov/.m2/repository/org/mockito/mockito-core/3.6.28/mockito-core-3.6.28.jar:/Users/danielnykyforov/.m2/repository/net/bytebuddy/byte-buddy/1.10.22/byte-buddy-1.10.22.jar:/Users/danielnykyforov/.m2/repository/net/bytebuddy/byte-buddy-agent/1.10.22/byte-buddy-agent-1.10.22.jar:/Users/danielnykyforov/.m2/repository/org/objenesis/objenesis/3.1/objenesis-3.1.jar:/Users/danielnykyforov/.m2/repository/org/mockito/mockito-junit-jupiter/3.6.28/mockito-junit-jupiter-3.6.28.jar:/Users/danielnykyforov/.m2/repository/org/skyscreamer/jsonassert/1.5.0/jsonassert-1.5.0.jar:/Users/danielnykyforov/.m2/repository/com/vaadin/external/google/android-json/0.0.20131108.vaadin1/android-json-0.0.20131108.vaadin1.jar:/Users/danielnykyforov/.m2/repository/org/springframework/spring-core/5.3.6/spring-core-5.3.6.jar:/Users/danielnykyforov/.m2/repository/org/springframework/spring-jcl/5.3.6/spring-jcl-5.3.6.jar:/Users/danielnykyforov/.m2/repository/org/springframework/spring-test/5.3.6/spring-test-5.3.6.jar:/Users/danielnykyforov/.m2/repository/org/xmlunit/xmlunit-core/2.7.0/xmlunit-core-2.7.0.jar:/Users/danielnykyforov/.m2/repository/com/vaadin/vaadin-testbench/19.0.6/vaadin-testbench-19.0.6.jar:/Users/danielnykyforov/.m2/repository/com/vaadin/vaadin-testbench-core/7.0.0/vaadin-testbench-core-7.0.0.jar:/Users/danielnykyforov/.m2/repository/org/seleniumhq/selenium/selenium-remote-driver/3.141.59/selenium-remote-driver-3.141.59.jar:/Users/danielnykyforov/.m2/repository/org/seleniumhq/selenium/selenium-api/3.141.59/selenium-api-3.141.59.jar:/Users/danielnykyforov/.m2/repository/org/apache/commons/commons-exec/1.3/commons-exec-1.3.jar:/Users/danielnykyforov/.m2/repository/com/google/guava/guava/25.0-jre/guava-25.0-jre.jar:/Users/danielnykyforov/.m2/repository/com/google/code/findbugs/jsr305/1.3.9/jsr305-1.3.9.jar:/Users/danielnykyforov/.m2/repository/org/checkerframework/checker-compat-qual/2.0.0/checker-compat-qual-2.0.0.jar:/Users/danielnykyforov/.m2/repository/com/google/errorprone/error_prone_annotations/2.1.3/error_prone_annotations-2.1.3.jar:/Users/danielnykyforov/.m2/repository/com/google/j2objc/j2objc-annotations/1.1/j2objc-annotations-1.1.jar:/Users/danielnykyforov/.m2/repository/org/codehaus/mojo/animal-sniffer-annotations/1.14/animal-sniffer-annotations-1.14.jar:/Users/danielnykyforov/.m2/repository/com/squareup/okhttp3/okhttp/3.14.9/okhttp-3.14.9.jar:/Users/danielnykyforov/.m2/repository/com/squareup/okio/okio/1.14.0/okio-1.14.0.jar:/Users/danielnykyforov/.m2/repository/org/seleniumhq/selenium/selenium-java/3.141.59/selenium-java-3.141.59.jar:/Users/danielnykyforov/.m2/repository/org/seleniumhq/selenium/selenium-chrome-driver/3.141.59/selenium-chrome-driver-3.141.59.jar:/Users/danielnykyforov/.m2/repository/org/seleniumhq/selenium/selenium-edge-driver/3.141.59/selenium-edge-driver-3.141.59.jar:/Users/danielnykyforov/.m2/repository/org/seleniumhq/selenium/selenium-firefox-driver/3.141.59/selenium-firefox-driver-3.141.59.jar:/Users/danielnykyforov/.m2/repository/org/seleniumhq/selenium/selenium-ie-driver/3.141.59/selenium-ie-driver-3.141.59.jar:/Users/danielnykyforov/.m2/repository/org/seleniumhq/selenium/selenium-opera-driver/3.141.59/selenium-opera-driver-3.141.59.jar:/Users/danielnykyforov/.m2/repository/org/seleniumhq/selenium/selenium-safari-driver/3.141.59/selenium-safari-driver-3.141.59.jar:/Users/danielnykyforov/.m2/repository/org/seleniumhq/selenium/selenium-support/3.141.59/selenium-support-3.141.59.jar:/Users/danielnykyforov/.m2/repository/org/easymock/easymock/3.1/easymock-3.1.jar:/Users/danielnykyforov/.m2/repository/cglib/cglib-nodep/2.2.2/cglib-nodep-2.2.2.jar:/Users/danielnykyforov/.m2/repository/org/javassist/javassist/3.18.1-GA/javassist-3.18.1-GA.jar:/Users/danielnykyforov/.m2/repository/com/google/gwt/gwt-elemental/2.8.0/gwt-elemental-2.8.0.jar:/Users/danielnykyforov/.m2/repository/com/vaadin/flow-html-components-testbench/6.0.7/flow-html-components-testbench-6.0.7.jar:/Users/danielnykyforov/.m2/repository/com/vaadin/vaadin-accordion-testbench/19.0.6/vaadin-accordion-testbench-19.0.6.jar:/Users/danielnykyforov/.m2/repository/com/vaadin/vaadin-app-layout-testbench/19.0.6/vaadin-app-layout-testbench-19.0.6.jar:/Users/danielnykyforov/.m2/repository/com/vaadin/vaadin-avatar-testbench/19.0.6/vaadin-avatar-testbench-19.0.6.jar:/Users/danielnykyforov/.m2/repository/com/vaadin/vaadin-board-testbench/19.0.6/vaadin-board-testbench-19.0.6.jar:/Users/danielnykyforov/.m2/repository/com/vaadin/vaadin-button-testbench/19.0.6/vaadin-button-testbench-19.0.6.jar:/Users/danielnykyforov/.m2/repository/com/vaadin/vaadin-charts-testbench/19.0.6/vaadin-charts-testbench-19.0.6.jar:/Users/danielnykyforov/.m2/repository/com/vaadin/vaadin-checkbox-testbench/19.0.6/vaadin-checkbox-testbench-19.0.6.jar:/Users/danielnykyforov/.m2/repository/com/vaadin/vaadin-combo-box-testbench/19.0.6/vaadin-combo-box-testbench-19.0.6.jar:/Users/danielnykyforov/.m2/repository/com/vaadin/vaadin-confirm-dialog-testbench/19.0.6/vaadin-confirm-dialog-testbench-19.0.6.jar:/Users/danielnykyforov/.m2/repository/com/vaadin/vaadin-context-menu-testbench/19.0.6/vaadin-context-menu-testbench-19.0.6.jar:/Users/danielnykyforov/.m2/repository/com/vaadin/vaadin-cookie-consent-testbench/19.0.6/vaadin-cookie-consent-testbench-19.0.6.jar:/Users/danielnykyforov/.m2/repository/com/vaadin/vaadin-crud-testbench/19.0.6/vaadin-crud-testbench-19.0.6.jar:/Users/danielnykyforov/.m2/repository/com/vaadin/vaadin-custom-field-testbench/19.0.6/vaadin-custom-field-testbench-19.0.6.jar:/Users/danielnykyforov/.m2/repository/com/vaadin/vaadin-date-picker-testbench/19.0.6/vaadin-date-picker-testbench-19.0.6.jar:/Users/danielnykyforov/.m2/repository/com/vaadin/vaadin-date-time-picker-testbench/19.0.6/vaadin-date-time-picker-testbench-19.0.6.jar:/Users/danielnykyforov/.m2/repository/com/vaadin/vaadin-details-testbench/19.0.6/vaadin-details-testbench-19.0.6.jar:/Users/danielnykyforov/.m2/repository/com/vaadin/vaadin-dialog-testbench/19.0.6/vaadin-dialog-testbench-19.0.6.jar:/Users/danielnykyforov/.m2/repository/com/vaadin/vaadin-form-layout-testbench/19.0.6/vaadin-form-layout-testbench-19.0.6.jar:/Users/danielnykyforov/.m2/repository/com/vaadin/vaadin-grid-testbench/19.0.6/vaadin-grid-testbench-19.0.6.jar:/Users/danielnykyforov/.m2/repository/com/vaadin/vaadin-grid-pro-testbench/19.0.6/vaadin-grid-pro-testbench-19.0.6.jar:/Users/danielnykyforov/.m2/repository/com/vaadin/vaadin-icons-testbench/19.0.6/vaadin-icons-testbench-19.0.6.jar:/Users/danielnykyforov/.m2/repository/com/vaadin/vaadin-iron-list-testbench/19.0.6/vaadin-iron-list-testbench-19.0.6.jar:/Users/danielnykyforov/.m2/repository/com/vaadin/vaadin-list-box-testbench/19.0.6/vaadin-list-box-testbench-19.0.6.jar:/Users/danielnykyforov/.m2/repository/com/vaadin/vaadin-login-testbench/19.0.6/vaadin-login-testbench-19.0.6.jar:/Users/danielnykyforov/.m2/repository/com/vaadin/vaadin-menu-bar-testbench/19.0.6/vaadin-menu-bar-testbench-19.0.6.jar:/Users/danielnykyforov/.m2/repository/com/vaadin/vaadin-notification-testbench/19.0.6/vaadin-notification-testbench-19.0.6.jar:/Users/danielnykyforov/.m2/repository/com/vaadin/vaadin-ordered-layout-testbench/19.0.6/vaadin-ordered-layout-testbench-19.0.6.jar:/Users/danielnykyforov/.m2/repository/com/vaadin/vaadin-progress-bar-testbench/19.0.6/vaadin-progress-bar-testbench-19.0.6.jar:/Users/danielnykyforov/.m2/repository/com/vaadin/vaadin-radio-button-testbench/19.0.6/vaadin-radio-button-testbench-19.0.6.jar:/Users/danielnykyforov/.m2/repository/com/vaadin/vaadin-rich-text-editor-testbench/19.0.6/vaadin-rich-text-editor-testbench-19.0.6.jar:/Users/danielnykyforov/.m2/repository/com/vaadin/vaadin-select-testbench/19.0.6/vaadin-select-testbench-19.0.6.jar:/Users/danielnykyforov/.m2/repository/com/vaadin/vaadin-split-layout-testbench/19.0.6/vaadin-split-layout-testbench-19.0.6.jar:/Users/danielnykyforov/.m2/repository/com/vaadin/vaadin-tabs-testbench/19.0.6/vaadin-tabs-testbench-19.0.6.jar:/Users/danielnykyforov/.m2/repository/com/vaadin/vaadin-text-field-testbench/19.0.6/vaadin-text-field-testbench-19.0.6.jar:/Users/danielnykyforov/.m2/repository/com/vaadin/vaadin-time-picker-testbench/19.0.6/vaadin-time-picker-testbench-19.0.6.jar:/Users/danielnykyforov/.m2/repository/com/vaadin/vaadin-upload-testbench/19.0.6/vaadin-upload-testbench-19.0.6.jar:/Users/danielnykyforov/.m2/repository/org/junit/vintage/junit-vintage-engine/5.7.1/junit-vintage-engine-5.7.1.jar:/Users/danielnykyforov/.m2/repository/org/apiguardian/apiguardian-api/1.1.0/apiguardian-api-1.1.0.jar:/Users/danielnykyforov/.m2/repository/org/junit/platform/junit-platform-engine/1.7.1/junit-platform-engine-1.7.1.jar:/Users/danielnykyforov/.m2/repository/org/opentest4j/opentest4j/1.2.0/opentest4j-1.2.0.jar:/Users/danielnykyforov/.m2/repository/org/junit/platform/junit-platform-commons/1.7.1/junit-platform-commons-1.7.1.jar:/Users/danielnykyforov/.m2/repository/junit/junit/4.13.2/junit-4.13.2.jar:/Users/danielnykyforov/.m2/repository/io/github/bonigarcia/webdrivermanager/3.8.1/webdrivermanager-3.8.1.jar:/Users/danielnykyforov/.m2/repository/org/slf4j/slf4j-api/1.7.30/slf4j-api-1.7.30.jar:/Users/danielnykyforov/.m2/repository/commons-io/commons-io/2.6/commons-io-2.6.jar:/Users/danielnykyforov/.m2/repository/com/google/code/gson/gson/2.8.6/gson-2.8.6.jar:/Users/danielnykyforov/.m2/repository/org/apache/commons/commons-lang3/3.11/commons-lang3-3.11.jar:/Users/danielnykyforov/.m2/repository/org/apache/httpcomponents/httpclient/4.5.13/httpclient-4.5.13.jar:/Users/danielnykyforov/.m2/repository/org/apache/httpcomponents/httpcore/4.4.14/httpcore-4.4.14.jar:/Users/danielnykyforov/.m2/repository/org/rauschig/jarchivelib/1.0.0/jarchivelib-1.0.0.jar:/Users/danielnykyforov/.m2/repository/org/apache/commons/commons-compress/1.18/commons-compress-1.18.jar:/Users/danielnykyforov/.m2/repository/log4j/log4j/1.2.17/log4j-1.2.17.jar:/Users/danielnykyforov/.m2/repository/org/mockito/mockito-all/1.10.19/mockito-all-1.10.19.jar:/Users/danielnykyforov/.m2/repository/org/springframework/boot/spring-boot-starter-data-jpa/2.4.5/spring-boot-starter-data-jpa-2.4.5.jar:/Users/danielnykyforov/.m2/repository/org/springframework/boot/spring-boot-starter-aop/2.4.5/spring-boot-starter-aop-2.4.5.jar:/Users/danielnykyforov/.m2/repository/org/aspectj/aspectjweaver/1.9.6/aspectjweaver-1.9.6.jar:/Users/danielnykyforov/.m2/repository/org/springframework/boot/spring-boot-starter-jdbc/2.4.5/spring-boot-starter-jdbc-2.4.5.jar:/Users/danielnykyforov/.m2/repository/com/zaxxer/HikariCP/3.4.5/HikariCP-3.4.5.jar:/Users/danielnykyforov/.m2/repository/org/springframework/spring-jdbc/5.3.6/spring-jdbc-5.3.6.jar:/Users/danielnykyforov/.m2/repository/jakarta/transaction/jakarta.transaction-api/1.3.3/jakarta.transaction-api-1.3.3.jar:/Users/danielnykyforov/.m2/repository/jakarta/persistence/jakarta.persistence-api/2.2.3/jakarta.persistence-api-2.2.3.jar:/Users/danielnykyforov/.m2/repository/org/hibernate/hibernate-core/5.4.30.Final/hibernate-core-5.4.30.Final.jar:/Users/danielnykyforov/.m2/repository/antlr/antlr/2.7.7/antlr-2.7.7.jar:/Users/danielnykyforov/.m2/repository/org/jboss/jandex/2.2.3.Final/jandex-2.2.3.Final.jar:/Users/danielnykyforov/.m2/repository/org/dom4j/dom4j/2.1.3/dom4j-2.1.3.jar:/Users/danielnykyforov/.m2/repository/org/hibernate/common/hibernate-commons-annotations/5.1.2.Final/hibernate-commons-annotations-5.1.2.Final.jar:/Users/danielnykyforov/.m2/repository/org/glassfish/jaxb/jaxb-runtime/2.3.4/jaxb-runtime-2.3.4.jar:/Users/danielnykyforov/.m2/repository/org/glassfish/jaxb/txw2/2.3.4/txw2-2.3.4.jar:/Users/danielnykyforov/.m2/repository/com/sun/istack/istack-commons-runtime/3.0.12/istack-commons-runtime-3.0.12.jar:/Users/danielnykyforov/.m2/repository/com/sun/activation/jakarta.activation/1.2.2/jakarta.activation-1.2.2.jar:/Users/danielnykyforov/.m2/repository/org/springframework/data/spring-data-jpa/2.4.8/spring-data-jpa-2.4.8.jar:/Users/danielnykyforov/.m2/repository/org/springframework/data/spring-data-commons/2.4.8/spring-data-commons-2.4.8.jar:/Users/danielnykyforov/.m2/repository/org/springframework/spring-orm/5.3.6/spring-orm-5.3.6.jar:/Users/danielnykyforov/.m2/repository/org/springframework/spring-tx/5.3.6/spring-tx-5.3.6.jar:/Users/danielnykyforov/.m2/repository/org/springframework/spring-aspects/5.3.6/spring-aspects-5.3.6.jar:/Users/danielnykyforov/.m2/repository/org/springframework/boot/spring-boot-starter-web/2.4.5/spring-boot-starter-web-2.4.5.jar:/Users/danielnykyforov/.m2/repository/org/springframework/boot/spring-boot-starter-json/2.4.5/spring-boot-starter-json-2.4.5.jar:/Users/danielnykyforov/.m2/repository/com/fasterxml/jackson/datatype/jackson-datatype-jdk8/2.11.4/jackson-datatype-jdk8-2.11.4.jar:/Users/danielnykyforov/.m2/repository/com/fasterxml/jackson/module/jackson-module-parameter-names/2.11.4/jackson-module-parameter-names-2.11.4.jar:/Users/danielnykyforov/.m2/repository/org/springframework/boot/spring-boot-starter-tomcat/2.4.5/spring-boot-starter-tomcat-2.4.5.jar:/Users/danielnykyforov/.m2/repository/org/apache/tomcat/embed/tomcat-embed-core/9.0.45/tomcat-embed-core-9.0.45.jar:/Users/danielnykyforov/.m2/repository/org/apache/tomcat/embed/tomcat-embed-websocket/9.0.45/tomcat-embed-websocket-9.0.45.jar:/Users/danielnykyforov/.m2/repository/org/springframework/spring-web/5.3.6/spring-web-5.3.6.jar:/Users/danielnykyforov/.m2/repository/org/springframework/spring-webmvc/5.3.6/spring-webmvc-5.3.6.jar:/Users/danielnykyforov/.m2/repository/org/springframework/security/spring-security-web/5.4.6/spring-security-web-5.4.6.jar:/Users/danielnykyforov/.m2/repository/org/springframework/security/spring-security-core/5.4.6/spring-security-core-5.4.6.jar:/Users/danielnykyforov/.m2/repository/org/springframework/spring-aop/5.3.6/spring-aop-5.3.6.jar:/Users/danielnykyforov/.m2/repository/org/springframework/spring-beans/5.3.6/spring-beans-5.3.6.jar:/Users/danielnykyforov/.m2/repository/org/springframework/spring-context/5.3.6/spring-context-5.3.6.jar:/Users/danielnykyforov/.m2/repository/org/springframework/spring-expression/5.3.6/spring-expression-5.3.6.jar:/Users/danielnykyforov/.m2/repository/org/springframework/security/spring-security-config/5.4.6/spring-security-config-5.4.6.jar:/Users/danielnykyforov/.m2/repository/org/projectlombok/lombok/1.18.20/lombok-1.18.20.jar:/Users/danielnykyforov/.m2/repository/mysql/mysql-connector-java/8.0.22/mysql-connector-java-8.0.22.jar:/Users/danielnykyforov/.m2/repository/commons-codec/commons-codec/1.4/commons-codec-1.4.jar:/Users/danielnykyforov/.m2/repository/org/liquibase/liquibase-core/3.10.3/liquibase-core-3.10.3.jar:/Users/danielnykyforov/.m2/repository/javax/xml/bind/jaxb-api/2.3.1/jaxb-api-2.3.1.jar:/Users/danielnykyforov/.m2/repository/javax/activation/javax.activation-api/1.2.0/javax.activation-api-1.2.0.jar:"/>
    <property name="sun.cpu.endian" value="little"/>
    <property name="user.home" value="/Users/danielnykyforov"/>
    <property name="user.language" value="ru"/>
    <property name="java.specification.vendor" value="Oracle Corporation"/>
    <property name="java.version.date" value="2021-01-19"/>
    <property name="java.home" value="/Users/danielnykyforov/Library/Java/JavaVirtualMachines/openjdk-15.0.2/Contents/Home"/>
    <property name="file.separator" value="/"/>
    <property name="basedir" value="/Users/danielnykyforov/Desktop/carservice_final_edition"/>
    <property name="java.vm.compressedOopsMode" value="Zero based"/>
    <property name="line.separator" value="&#10;"/>
    <property name="java.specification.name" value="Java Platform API Specification"/>
    <property name="java.vm.specification.vendor" value="Oracle Corporation"/>
    <property name="surefire.real.class.path" value="/Users/danielnykyforov/Desktop/carservice_final_edition/target/surefire/surefirebooter2868093577237170043.jar"/>
    <property name="sun.management.compiler" value="HotSpot 64-Bit Tiered Compilers"/>
    <property name="ftp.nonProxyHosts" value="local|*.local|169.254/16|*.169.254/16"/>
    <property name="java.runtime.version" value="15.0.2+7-27"/>
    <property name="user.name" value="danielnykyforov"/>
    <property name="path.separator" value=":"/>
    <property name="os.version" value="10.16"/>
    <property name="java.runtime.name" value="OpenJDK Runtime Environment"/>
    <property name="file.encoding" value="US-ASCII"/>
    <property name="java.vm.name" value="OpenJDK 64-Bit Server VM"/>
    <property name="localRepository" value="/Users/danielnykyforov/.m2/repository"/>
    <property name="java.vendor.url.bug" value="https://bugreport.java.com/bugreport/"/>
    <property name="java.io.tmpdir" value="/var/folders/rg/vt2hz4cd6m7_cdcbgzs64znr0000gn/T/"/>
    <property name="idea.version" value="2020.3"/>
    <property name="java.version" value="15.0.2"/>
    <property name="user.dir" value="/Users/danielnykyforov/Desktop/carservice_final_edition"/>
    <property name="os.arch" value="x86_64"/>
    <property name="java.vm.specification.name" value="Java Virtual Machine Specification"/>
    <property name="java.library.path" value="/Users/danielnykyforov/Library/Java/Extensions:/Library/Java/Extensions:/Network/Library/Java/Extensions:/System/Library/Java/Extensions:/usr/lib/java:."/>
    <property name="java.vm.info" value="mixed mode, sharing"/>
    <property name="java.vendor" value="Oracle Corporation"/>
    <property name="java.vm.version" value="15.0.2+7-27"/>
    <property name="sun.io.unicode.encoding" value="UnicodeBig"/>
    <property name="socksNonProxyHosts" value="local|*.local|169.254/16|*.169.254/16"/>
    <property name="java.class.version" value="59.0"/>
  </properties>
  <testcase name="setWeightWrongWeight" classname="com.application.cars.CarTest" time="0"/>
  <testcase name="setWeightNormalWeight" classname="com.application.cars.CarTest" time="0"/>
</testsuite>